app/build/intermediates/manifest_merge_blame_file/debug/processDebugMainManifest/manifest-merger-blame-debug-report.txt
1<?xml version="1.0" encoding="utf-8"?>
2<manifest xmlns:android="http://schemas.android.com/apk/res/android"
3    package="com.jorge.inmobiliaria2025"
4    android:versionCode="1"
5    android:versionName="1.0" >
6
7    <uses-sdk
8        android:minSdkVersion="24"
9        android:targetSdkVersion="36" />
10
11    <!-- 🌍 Permisos de red y ubicación -->
12    <uses-permission android:name="android.permission.ACCESS_FINE_LOCATION" />
12-->src\main\AndroidManifest.xml:7:5-79
12-->src\main\AndroidManifest.xml:7:22-76
13    <uses-permission android:name="android.permission.ACCESS_COARSE_LOCATION" />
13-->src\main\AndroidManifest.xml:8:5-81
13-->src\main\AndroidManifest.xml:8:22-78
14    <uses-permission android:name="android.permission.ACCESS_NETWORK_STATE" />
14-->src\main\AndroidManifest.xml:9:5-79
14-->src\main\AndroidManifest.xml:9:22-76
15    <uses-permission android:name="android.permission.INTERNET" />
15-->src\main\AndroidManifest.xml:10:5-67
15-->src\main\AndroidManifest.xml:10:22-64
16
17    <!-- 🔔 Permiso requerido desde Android 13+ para mostrar notificaciones -->
18    <uses-permission android:name="android.permission.POST_NOTIFICATIONS" />
18-->src\main\AndroidManifest.xml:13:5-77
18-->src\main\AndroidManifest.xml:13:22-74
19
20    <!-- ✅ Permiso para llamadas telefónicas (shake en Login) -->
21    <uses-permission android:name="android.permission.CALL_PHONE" />
21-->src\main\AndroidManifest.xml:16:5-69
21-->src\main\AndroidManifest.xml:16:22-66
22
23    <uses-feature
23-->[com.google.android.gms:play-services-maps:18.1.0] AndroidManifest.xml:26:5-28:35
24        android:glEsVersion="0x00020000"
24-->[com.google.android.gms:play-services-maps:18.1.0] AndroidManifest.xml:27:9-41
25        android:required="true" />
25-->[com.google.android.gms:play-services-maps:18.1.0] AndroidManifest.xml:28:9-32
26
27    <queries>
27-->[com.google.android.gms:play-services-maps:18.1.0] AndroidManifest.xml:30:5-34:15
28
29        <!-- Needs to be explicitly declared on Android R+ -->
30        <package android:name="com.google.android.apps.maps" />
30-->[com.google.android.gms:play-services-maps:18.1.0] AndroidManifest.xml:33:9-64
30-->[com.google.android.gms:play-services-maps:18.1.0] AndroidManifest.xml:33:18-61
31    </queries>
32
33    <uses-permission android:name="android.permission.WAKE_LOCK" /> <!-- Required by older versions of Google Play services to create IID tokens -->
33-->[com.google.firebase:firebase-messaging:24.0.1] AndroidManifest.xml:24:5-68
33-->[com.google.firebase:firebase-messaging:24.0.1] AndroidManifest.xml:24:22-65
34    <uses-permission android:name="com.google.android.c2dm.permission.RECEIVE" />
34-->[com.google.firebase:firebase-messaging:24.0.1] AndroidManifest.xml:26:5-82
34-->[com.google.firebase:firebase-messaging:24.0.1] AndroidManifest.xml:26:22-79
35
36    <permission
36-->[androidx.core:core:1.13.1] AndroidManifest.xml:22:5-24:47
37        android:name="com.jorge.inmobiliaria2025.DYNAMIC_RECEIVER_NOT_EXPORTED_PERMISSION"
37-->[androidx.core:core:1.13.1] AndroidManifest.xml:23:9-81
38        android:protectionLevel="signature" />
38-->[androidx.core:core:1.13.1] AndroidManifest.xml:24:9-44
39
40    <uses-permission android:name="com.jorge.inmobiliaria2025.DYNAMIC_RECEIVER_NOT_EXPORTED_PERMISSION" />
40-->[androidx.core:core:1.13.1] AndroidManifest.xml:26:5-97
40-->[androidx.core:core:1.13.1] AndroidManifest.xml:26:22-94
41
42    <application
42-->src\main\AndroidManifest.xml:18:5-74:19
43        android:name="com.jorge.inmobiliaria2025.InmobiliariaApp"
43-->src\main\AndroidManifest.xml:19:9-40
44        android:allowBackup="true"
44-->src\main\AndroidManifest.xml:20:9-35
45        android:appComponentFactory="androidx.core.app.CoreComponentFactory"
45-->[androidx.core:core:1.13.1] AndroidManifest.xml:28:18-86
46        android:dataExtractionRules="@xml/data_extraction_rules"
46-->src\main\AndroidManifest.xml:21:9-65
47        android:debuggable="true"
48        android:enableOnBackInvokedCallback="true"
48-->src\main\AndroidManifest.xml:29:9-51
49        android:extractNativeLibs="false"
50        android:fullBackupContent="@xml/backup_rules"
50-->src\main\AndroidManifest.xml:22:9-54
51        android:icon="@mipmap/ic_launcher"
51-->src\main\AndroidManifest.xml:23:9-43
52        android:label="@string/app_name"
52-->src\main\AndroidManifest.xml:24:9-41
53        android:networkSecurityConfig="@xml/network_security_config"
53-->src\main\AndroidManifest.xml:28:9-69
54        android:roundIcon="@mipmap/ic_launcher_round"
54-->src\main\AndroidManifest.xml:25:9-54
55        android:supportsRtl="true"
55-->src\main\AndroidManifest.xml:26:9-35
56        android:testOnly="true"
57        android:theme="@style/Theme.Inmobiliaria_2025" >
57-->src\main\AndroidManifest.xml:27:9-55
58
59        <!-- 🌐 Permitir tráfico HTTP solo según configuración XML -->
60        <meta-data
60-->src\main\AndroidManifest.xml:33:9-35:36
61            android:name="android.webkit.WebView.EnableSafeBrowsing"
61-->src\main\AndroidManifest.xml:34:13-69
62            android:value="true" />
62-->src\main\AndroidManifest.xml:35:13-33
63
64        <!-- 🔑 Clave de API de Google Maps -->
65        <meta-data
65-->src\main\AndroidManifest.xml:38:9-40:71
66            android:name="com.google.android.geo.API_KEY"
66-->src\main\AndroidManifest.xml:39:13-58
67            android:value="AIzaSyBaeLBuSlsO3PQqtVi-QK1fsMEQOC1jy_c" />
67-->src\main\AndroidManifest.xml:40:13-68
68
69        <!-- 🔹 Login: pantalla inicial -->
70        <activity
70-->src\main\AndroidManifest.xml:43:9-50:20
71            android:name="com.jorge.inmobiliaria2025.ui.login.LoginActivity"
71-->src\main\AndroidManifest.xml:44:13-51
72            android:exported="true" >
72-->src\main\AndroidManifest.xml:45:13-36
73            <intent-filter>
73-->src\main\AndroidManifest.xml:46:13-49:29
74                <action android:name="android.intent.action.MAIN" />
74-->src\main\AndroidManifest.xml:47:17-69
74-->src\main\AndroidManifest.xml:47:25-66
75
76                <category android:name="android.intent.category.LAUNCHER" />
76-->src\main\AndroidManifest.xml:48:17-77
76-->src\main\AndroidManifest.xml:48:27-74
77            </intent-filter>
78        </activity>
79
80        <!-- 🔹 Menú principal -->
81        <activity
81-->src\main\AndroidManifest.xml:53:9-55:39
82            android:name="com.jorge.inmobiliaria2025.ui.nav.MainActivity"
82-->src\main\AndroidManifest.xml:54:13-48
83            android:exported="true" />
83-->src\main\AndroidManifest.xml:55:13-36
84
85        <!-- 🆕 🔔 Servicio para recibir notificaciones push (FCM) -->
86        <service
86-->src\main\AndroidManifest.xml:58:9-64:19
87            android:name="com.jorge.inmobiliaria2025.services.MyFirebaseMessagingService"
87-->src\main\AndroidManifest.xml:59:13-64
88            android:exported="false" >
88-->src\main\AndroidManifest.xml:60:13-37
89            <intent-filter>
89-->src\main\AndroidManifest.xml:61:13-63:29
90                <action android:name="com.google.firebase.MESSAGING_EVENT" />
90-->src\main\AndroidManifest.xml:62:17-78
90-->src\main\AndroidManifest.xml:62:25-75
91            </intent-filter>
92        </service>
93
94        <!-- 🆕 🔑 Integración del plugin de Google Services -->
95        <meta-data
95-->src\main\AndroidManifest.xml:67:9-69:45
96            android:name="com.google.firebase.messaging.default_notification_channel_id"
96-->src\main\AndroidManifest.xml:68:13-89
97            android:value="pagos_channel" />
97-->src\main\AndroidManifest.xml:69:13-42
98        <meta-data
98-->src\main\AndroidManifest.xml:70:9-72:54
99            android:name="com.google.firebase.messaging.default_notification_icon"
99-->src\main\AndroidManifest.xml:71:13-83
100            android:resource="@mipmap/ic_launcher" />
100-->src\main\AndroidManifest.xml:72:13-51
101
102        <!-- Needs to be explicitly declared on P+ -->
103        <uses-library
103-->[com.google.android.gms:play-services-maps:18.1.0] AndroidManifest.xml:39:9-41:40
104            android:name="org.apache.http.legacy"
104-->[com.google.android.gms:play-services-maps:18.1.0] AndroidManifest.xml:40:13-50
105            android:required="false" />
105-->[com.google.android.gms:play-services-maps:18.1.0] AndroidManifest.xml:41:13-37
106
107        <receiver
107-->[com.google.firebase:firebase-messaging:24.0.1] AndroidManifest.xml:29:9-40:20
108            android:name="com.google.firebase.iid.FirebaseInstanceIdReceiver"
108-->[com.google.firebase:firebase-messaging:24.0.1] AndroidManifest.xml:30:13-78
109            android:exported="true"
109-->[com.google.firebase:firebase-messaging:24.0.1] AndroidManifest.xml:31:13-36
110            android:permission="com.google.android.c2dm.permission.SEND" >
110-->[com.google.firebase:firebase-messaging:24.0.1] AndroidManifest.xml:32:13-73
111            <intent-filter>
111-->[com.google.firebase:firebase-messaging:24.0.1] AndroidManifest.xml:33:13-35:29
112                <action android:name="com.google.android.c2dm.intent.RECEIVE" />
112-->[com.google.firebase:firebase-messaging:24.0.1] AndroidManifest.xml:34:17-81
112-->[com.google.firebase:firebase-messaging:24.0.1] AndroidManifest.xml:34:25-78
113            </intent-filter>
114
115            <meta-data
115-->[com.google.firebase:firebase-messaging:24.0.1] AndroidManifest.xml:37:13-39:40
116                android:name="com.google.android.gms.cloudmessaging.FINISHED_AFTER_HANDLED"
116-->[com.google.firebase:firebase-messaging:24.0.1] AndroidManifest.xml:38:17-92
117                android:value="true" />
117-->[com.google.firebase:firebase-messaging:24.0.1] AndroidManifest.xml:39:17-37
118        </receiver>
119        <!--
120             FirebaseMessagingService performs security checks at runtime,
121             but set to not exported to explicitly avoid allowing another app to call it.
122        -->
123        <service
123-->[com.google.firebase:firebase-messaging:24.0.1] AndroidManifest.xml:46:9-53:19
124            android:name="com.google.firebase.messaging.FirebaseMessagingService"
124-->[com.google.firebase:firebase-messaging:24.0.1] AndroidManifest.xml:47:13-82
125            android:directBootAware="true"
125-->[com.google.firebase:firebase-messaging:24.0.1] AndroidManifest.xml:48:13-43
126            android:exported="false" >
126-->[com.google.firebase:firebase-messaging:24.0.1] AndroidManifest.xml:49:13-37
127            <intent-filter android:priority="-500" >
127-->src\main\AndroidManifest.xml:61:13-63:29
128                <action android:name="com.google.firebase.MESSAGING_EVENT" />
128-->src\main\AndroidManifest.xml:62:17-78
128-->src\main\AndroidManifest.xml:62:25-75
129            </intent-filter>
130        </service>
131        <service
131-->[com.google.firebase:firebase-messaging:24.0.1] AndroidManifest.xml:54:9-63:19
132            android:name="com.google.firebase.components.ComponentDiscoveryService"
132-->[com.google.firebase:firebase-messaging:24.0.1] AndroidManifest.xml:55:13-84
133            android:directBootAware="true"
133-->[com.google.firebase:firebase-common:21.0.0] AndroidManifest.xml:32:13-43
134            android:exported="false" >
134-->[com.google.firebase:firebase-messaging:24.0.1] AndroidManifest.xml:56:13-37
135            <meta-data
135-->[com.google.firebase:firebase-messaging:24.0.1] AndroidManifest.xml:57:13-59:85
136                android:name="com.google.firebase.components:com.google.firebase.messaging.FirebaseMessagingKtxRegistrar"
136-->[com.google.firebase:firebase-messaging:24.0.1] AndroidManifest.xml:58:17-122
137                android:value="com.google.firebase.components.ComponentRegistrar" />
137-->[com.google.firebase:firebase-messaging:24.0.1] AndroidManifest.xml:59:17-82
138            <meta-data
138-->[com.google.firebase:firebase-messaging:24.0.1] AndroidManifest.xml:60:13-62:85
139                android:name="com.google.firebase.components:com.google.firebase.messaging.FirebaseMessagingRegistrar"
139-->[com.google.firebase:firebase-messaging:24.0.1] AndroidManifest.xml:61:17-119
140                android:value="com.google.firebase.components.ComponentRegistrar" />
140-->[com.google.firebase:firebase-messaging:24.0.1] AndroidManifest.xml:62:17-82
141            <meta-data
141-->[com.google.firebase:firebase-installations:18.0.0] AndroidManifest.xml:15:13-17:85
142                android:name="com.google.firebase.components:com.google.firebase.installations.FirebaseInstallationsKtxRegistrar"
142-->[com.google.firebase:firebase-installations:18.0.0] AndroidManifest.xml:16:17-130
143                android:value="com.google.firebase.components.ComponentRegistrar" />
143-->[com.google.firebase:firebase-installations:18.0.0] AndroidManifest.xml:17:17-82
144            <meta-data
144-->[com.google.firebase:firebase-installations:18.0.0] AndroidManifest.xml:18:13-20:85
145                android:name="com.google.firebase.components:com.google.firebase.installations.FirebaseInstallationsRegistrar"
145-->[com.google.firebase:firebase-installations:18.0.0] AndroidManifest.xml:19:17-127
146                android:value="com.google.firebase.components.ComponentRegistrar" />
146-->[com.google.firebase:firebase-installations:18.0.0] AndroidManifest.xml:20:17-82
147            <meta-data
147-->[com.google.firebase:firebase-common-ktx:21.0.0] AndroidManifest.xml:12:13-14:85
148                android:name="com.google.firebase.components:com.google.firebase.ktx.FirebaseCommonLegacyRegistrar"
148-->[com.google.firebase:firebase-common-ktx:21.0.0] AndroidManifest.xml:13:17-116
149                android:value="com.google.firebase.components.ComponentRegistrar" />
149-->[com.google.firebase:firebase-common-ktx:21.0.0] AndroidManifest.xml:14:17-82
150            <meta-data
150-->[com.google.firebase:firebase-common:21.0.0] AndroidManifest.xml:35:13-37:85
151                android:name="com.google.firebase.components:com.google.firebase.FirebaseCommonKtxRegistrar"
151-->[com.google.firebase:firebase-common:21.0.0] AndroidManifest.xml:36:17-109
152                android:value="com.google.firebase.components.ComponentRegistrar" />
152-->[com.google.firebase:firebase-common:21.0.0] AndroidManifest.xml:37:17-82
153            <meta-data
153-->[com.google.firebase:firebase-datatransport:18.2.0] AndroidManifest.xml:25:13-27:85
154                android:name="com.google.firebase.components:com.google.firebase.datatransport.TransportRegistrar"
154-->[com.google.firebase:firebase-datatransport:18.2.0] AndroidManifest.xml:26:17-115
155                android:value="com.google.firebase.components.ComponentRegistrar" />
155-->[com.google.firebase:firebase-datatransport:18.2.0] AndroidManifest.xml:27:17-82
156        </service>
157
158        <activity
158-->[com.google.android.gms:play-services-base:18.1.0] AndroidManifest.xml:20:9-22:45
159            android:name="com.google.android.gms.common.api.GoogleApiActivity"
159-->[com.google.android.gms:play-services-base:18.1.0] AndroidManifest.xml:20:19-85
160            android:exported="false"
160-->[com.google.android.gms:play-services-base:18.1.0] AndroidManifest.xml:22:19-43
161            android:theme="@android:style/Theme.Translucent.NoTitleBar" />
161-->[com.google.android.gms:play-services-base:18.1.0] AndroidManifest.xml:21:19-78
162
163        <provider
163-->[com.google.firebase:firebase-common:21.0.0] AndroidManifest.xml:23:9-28:39
164            android:name="com.google.firebase.provider.FirebaseInitProvider"
164-->[com.google.firebase:firebase-common:21.0.0] AndroidManifest.xml:24:13-77
165            android:authorities="com.jorge.inmobiliaria2025.firebaseinitprovider"
165-->[com.google.firebase:firebase-common:21.0.0] AndroidManifest.xml:25:13-72
166            android:directBootAware="true"
166-->[com.google.firebase:firebase-common:21.0.0] AndroidManifest.xml:26:13-43
167            android:exported="false"
167-->[com.google.firebase:firebase-common:21.0.0] AndroidManifest.xml:27:13-37
168            android:initOrder="100" />
168-->[com.google.firebase:firebase-common:21.0.0] AndroidManifest.xml:28:13-36
169
170        <uses-library
170-->[androidx.window:window:1.0.0] AndroidManifest.xml:25:9-27:40
171            android:name="androidx.window.extensions"
171-->[androidx.window:window:1.0.0] AndroidManifest.xml:26:13-54
172            android:required="false" />
172-->[androidx.window:window:1.0.0] AndroidManifest.xml:27:13-37
173        <uses-library
173-->[androidx.window:window:1.0.0] AndroidManifest.xml:28:9-30:40
174            android:name="androidx.window.sidecar"
174-->[androidx.window:window:1.0.0] AndroidManifest.xml:29:13-51
175            android:required="false" />
175-->[androidx.window:window:1.0.0] AndroidManifest.xml:30:13-37
176
177        <provider
177-->[androidx.emoji2:emoji2:1.3.0] AndroidManifest.xml:24:9-32:20
178            android:name="androidx.startup.InitializationProvider"
178-->[androidx.emoji2:emoji2:1.3.0] AndroidManifest.xml:25:13-67
179            android:authorities="com.jorge.inmobiliaria2025.androidx-startup"
179-->[androidx.emoji2:emoji2:1.3.0] AndroidManifest.xml:26:13-68
180            android:exported="false" >
180-->[androidx.emoji2:emoji2:1.3.0] AndroidManifest.xml:27:13-37
181            <meta-data
181-->[androidx.emoji2:emoji2:1.3.0] AndroidManifest.xml:29:13-31:52
182                android:name="androidx.emoji2.text.EmojiCompatInitializer"
182-->[androidx.emoji2:emoji2:1.3.0] AndroidManifest.xml:30:17-75
183                android:value="androidx.startup" />
183-->[androidx.emoji2:emoji2:1.3.0] AndroidManifest.xml:31:17-49
184            <meta-data
184-->[androidx.lifecycle:lifecycle-process:2.9.0] AndroidManifest.xml:29:13-31:52
185                android:name="androidx.lifecycle.ProcessLifecycleInitializer"
185-->[androidx.lifecycle:lifecycle-process:2.9.0] AndroidManifest.xml:30:17-78
186                android:value="androidx.startup" />
186-->[androidx.lifecycle:lifecycle-process:2.9.0] AndroidManifest.xml:31:17-49
187            <meta-data
187-->[androidx.profileinstaller:profileinstaller:1.4.0] AndroidManifest.xml:29:13-31:52
188                android:name="androidx.profileinstaller.ProfileInstallerInitializer"
188-->[androidx.profileinstaller:profileinstaller:1.4.0] AndroidManifest.xml:30:17-85
189                android:value="androidx.startup" />
189-->[androidx.profileinstaller:profileinstaller:1.4.0] AndroidManifest.xml:31:17-49
190        </provider>
191
192        <meta-data
192-->[com.google.android.gms:play-services-basement:18.3.0] AndroidManifest.xml:21:9-23:69
193            android:name="com.google.android.gms.version"
193-->[com.google.android.gms:play-services-basement:18.3.0] AndroidManifest.xml:22:13-58
194            android:value="@integer/google_play_services_version" />
194-->[com.google.android.gms:play-services-basement:18.3.0] AndroidManifest.xml:23:13-66
195
196        <service
196-->[androidx.room:room-runtime:2.6.1] AndroidManifest.xml:24:9-28:63
197            android:name="androidx.room.MultiInstanceInvalidationService"
197-->[androidx.room:room-runtime:2.6.1] AndroidManifest.xml:25:13-74
198            android:directBootAware="true"
198-->[androidx.room:room-runtime:2.6.1] AndroidManifest.xml:26:13-43
199            android:exported="false" />
199-->[androidx.room:room-runtime:2.6.1] AndroidManifest.xml:27:13-37
200
201        <receiver
201-->[androidx.profileinstaller:profileinstaller:1.4.0] AndroidManifest.xml:34:9-52:20
202            android:name="androidx.profileinstaller.ProfileInstallReceiver"
202-->[androidx.profileinstaller:profileinstaller:1.4.0] AndroidManifest.xml:35:13-76
203            android:directBootAware="false"
203-->[androidx.profileinstaller:profileinstaller:1.4.0] AndroidManifest.xml:36:13-44
204            android:enabled="true"
204-->[androidx.profileinstaller:profileinstaller:1.4.0] AndroidManifest.xml:37:13-35
205            android:exported="true"
205-->[androidx.profileinstaller:profileinstaller:1.4.0] AndroidManifest.xml:38:13-36
206            android:permission="android.permission.DUMP" >
206-->[androidx.profileinstaller:profileinstaller:1.4.0] AndroidManifest.xml:39:13-57
207            <intent-filter>
207-->[androidx.profileinstaller:profileinstaller:1.4.0] AndroidManifest.xml:40:13-42:29
208                <action android:name="androidx.profileinstaller.action.INSTALL_PROFILE" />
208-->[androidx.profileinstaller:profileinstaller:1.4.0] AndroidManifest.xml:41:17-91
208-->[androidx.profileinstaller:profileinstaller:1.4.0] AndroidManifest.xml:41:25-88
209            </intent-filter>
210            <intent-filter>
210-->[androidx.profileinstaller:profileinstaller:1.4.0] AndroidManifest.xml:43:13-45:29
211                <action android:name="androidx.profileinstaller.action.SKIP_FILE" />
211-->[androidx.profileinstaller:profileinstaller:1.4.0] AndroidManifest.xml:44:17-85
211-->[androidx.profileinstaller:profileinstaller:1.4.0] AndroidManifest.xml:44:25-82
212            </intent-filter>
213            <intent-filter>
213-->[androidx.profileinstaller:profileinstaller:1.4.0] AndroidManifest.xml:46:13-48:29
214                <action android:name="androidx.profileinstaller.action.SAVE_PROFILE" />
214-->[androidx.profileinstaller:profileinstaller:1.4.0] AndroidManifest.xml:47:17-88
214-->[androidx.profileinstaller:profileinstaller:1.4.0] AndroidManifest.xml:47:25-85
215            </intent-filter>
216            <intent-filter>
216-->[androidx.profileinstaller:profileinstaller:1.4.0] AndroidManifest.xml:49:13-51:29
217                <action android:name="androidx.profileinstaller.action.BENCHMARK_OPERATION" />
217-->[androidx.profileinstaller:profileinstaller:1.4.0] AndroidManifest.xml:50:17-95
217-->[androidx.profileinstaller:profileinstaller:1.4.0] AndroidManifest.xml:50:25-92
218            </intent-filter>
219        </receiver>
220
221        <service
221-->[com.google.android.datatransport:transport-backend-cct:3.1.9] AndroidManifest.xml:28:9-34:19
222            android:name="com.google.android.datatransport.runtime.backends.TransportBackendDiscovery"
222-->[com.google.android.datatransport:transport-backend-cct:3.1.9] AndroidManifest.xml:29:13-103
223            android:exported="false" >
223-->[com.google.android.datatransport:transport-backend-cct:3.1.9] AndroidManifest.xml:30:13-37
224            <meta-data
224-->[com.google.android.datatransport:transport-backend-cct:3.1.9] AndroidManifest.xml:31:13-33:39
225                android:name="backend:com.google.android.datatransport.cct.CctBackendFactory"
225-->[com.google.android.datatransport:transport-backend-cct:3.1.9] AndroidManifest.xml:32:17-94
226                android:value="cct" />
226-->[com.google.android.datatransport:transport-backend-cct:3.1.9] AndroidManifest.xml:33:17-36
227        </service>
228        <service
228-->[com.google.android.datatransport:transport-runtime:3.1.9] AndroidManifest.xml:26:9-30:19
229            android:name="com.google.android.datatransport.runtime.scheduling.jobscheduling.JobInfoSchedulerService"
229-->[com.google.android.datatransport:transport-runtime:3.1.9] AndroidManifest.xml:27:13-117
230            android:exported="false"
230-->[com.google.android.datatransport:transport-runtime:3.1.9] AndroidManifest.xml:28:13-37
231            android:permission="android.permission.BIND_JOB_SERVICE" >
231-->[com.google.android.datatransport:transport-runtime:3.1.9] AndroidManifest.xml:29:13-69
232        </service>
233
234        <receiver
234-->[com.google.android.datatransport:transport-runtime:3.1.9] AndroidManifest.xml:32:9-34:40
235            android:name="com.google.android.datatransport.runtime.scheduling.jobscheduling.AlarmManagerSchedulerBroadcastReceiver"
235-->[com.google.android.datatransport:transport-runtime:3.1.9] AndroidManifest.xml:33:13-132
236            android:exported="false" />
236-->[com.google.android.datatransport:transport-runtime:3.1.9] AndroidManifest.xml:34:13-37
237    </application>
238
239</manifest>